<?xml version="1.0" encoding="UTF-8"?>
<!-- Generated by org.testng.reporters.JUnitXMLReporter -->
<testsuite hostname="SVINLP00321" ignored="3" name="Default test" tests="3" failures="0" timestamp="14 Mar 2019 11:01:45 GMT" time="106.717" errors="0">
  <testcase name="TapAction" time="44.136" classname="Base.LongPress"/>
  <testcase name="SwipeAction" time="37.597" classname="Base.SwipeAction"/>
  <testcase name="testScrolling" time="24.943" classname="Base.TapAction"/>
  <testcase name="@BeforeSuite beforeExecution" time="0.0" classname="PageObjects.AppiumBase">
    <ignored/>
  </testcase> <!-- @BeforeSuite beforeExecution -->
  <testcase name="@BeforeSuite beforeExecution" time="0.0" classname="PageObjects.AppiumBase">
    <ignored/>
  </testcase> <!-- @BeforeSuite beforeExecution -->
  <testcase name="@BeforeSuite beforeExecution" time="0.0" classname="PageObjects.AppiumBase">
    <ignored/>
  </testcase> <!-- @BeforeSuite beforeExecution -->
</testsuite> <!-- Default test -->
