<?xml version="1.0" encoding="UTF-8"?>
<!-- Generated by org.testng.reporters.JUnitXMLReporter -->
<testsuite hostname="SVINLP00321" ignored="1" name="Test" tests="2" failures="0" timestamp="14 Mar 2019 06:34:13 GMT" time="77.407" errors="0">
  <testcase name="SwipeAction" time="41.34" classname="Base.SwipeAction"/>
  <testcase name="TapAction" time="36.017" classname="Base.TapAction"/>
  <testcase name="@BeforeSuite beforeExecution" time="0.0" classname="PageObjects.AppiumBase">
    <ignored/>
  </testcase> <!-- @BeforeSuite beforeExecution -->
</testsuite> <!-- Test -->
