<?xml version="1.0" encoding="UTF-8"?>
<!-- Generated by org.testng.reporters.JUnitXMLReporter -->
<testsuite hostname="SVINLP00321" ignored="2" name="Test" tests="3" failures="0" timestamp="12 Mar 2019 11:43:09 GMT" time="95.054" errors="0">
  <testcase name="testScrolling" time="18.762" classname="Base.ScrollingDemo"/>
  <testcase name="SwipeAction" time="38.834" classname="Base.SwipeAction"/>
  <testcase name="TapAction" time="37.415" classname="Base.TapAction"/>
  <testcase name="@BeforeSuite beforeExecution" time="0.0" classname="PageObjects.AppiumBase">
    <ignored/>
  </testcase> <!-- @BeforeSuite beforeExecution -->
  <testcase name="@BeforeSuite beforeExecution" time="0.0" classname="PageObjects.AppiumBase">
    <ignored/>
  </testcase> <!-- @BeforeSuite beforeExecution -->
</testsuite> <!-- Test -->
