<?xml version="1.0" encoding="UTF-8"?>
<testng-results skipped="0" failed="0" ignored="0" total="1" passed="1">
  <reporter-output>
  </reporter-output>
  <suite name="Suite" duration-ms="18800" started-at="2019-03-12T11:16:27 IST" finished-at="2019-03-12T11:16:46 IST">
    <groups>
    </groups>
    <test name="Test" duration-ms="18800" started-at="2019-03-12T11:16:27 IST" finished-at="2019-03-12T11:16:46 IST">
      <class name="Base.ScrollingDemo">
        <test-method status="PASS" signature="beforeExecution()[pri:0, instance:Base.ScrollingDemo@56235b8e]" name="beforeExecution" is-config="true" duration-ms="7026" started-at="2019-03-12T11:16:20 IST" finished-at="2019-03-12T11:16:27 IST">
          <reporter-output>
          </reporter-output>
        </test-method> <!-- beforeExecution -->
        <test-method status="PASS" signature="testScrolling()[pri:0, instance:Base.ScrollingDemo@56235b8e]" name="testScrolling" duration-ms="18771" started-at="2019-03-12T11:16:27 IST" finished-at="2019-03-12T11:16:46 IST">
          <reporter-output>
          </reporter-output>
        </test-method> <!-- testScrolling -->
      </class> <!-- Base.ScrollingDemo -->
    </test> <!-- Test -->
  </suite> <!-- Suite -->
</testng-results>
