<?xml version="1.0" encoding="UTF-8"?>
<testng-results skipped="0" failed="0" ignored="3" total="6" passed="3">
  <reporter-output>
  </reporter-output>
  <suite name="Default suite" duration-ms="106717" started-at="2019-03-14T10:59:58Z" finished-at="2019-03-14T11:01:45Z">
    <groups>
    </groups>
    <test name="Default test" duration-ms="106717" started-at="2019-03-14T10:59:58Z" finished-at="2019-03-14T11:01:45Z">
      <class name="Base.LongPress">
        <test-method status="PASS" signature="beforeExecution()[pri:0, instance:Base.LongPress@6ee52dcd]" name="beforeExecution" is-config="true" duration-ms="7028" started-at="2019-03-14T10:59:51Z" finished-at="2019-03-14T10:59:58Z">
          <reporter-output>
          </reporter-output>
        </test-method> <!-- beforeExecution -->
        <test-method status="PASS" signature="TapAction()[pri:0, instance:Base.LongPress@6ee52dcd]" name="TapAction" duration-ms="44136" started-at="2019-03-14T10:59:58Z" finished-at="2019-03-14T11:00:42Z">
          <reporter-output>
          </reporter-output>
        </test-method> <!-- TapAction -->
      </class> <!-- Base.LongPress -->
      <class name="Base.SwipeAction">
        <test-method status="PASS" signature="SwipeAction()[pri:0, instance:Base.SwipeAction@4493d195]" name="SwipeAction" duration-ms="37597" started-at="2019-03-14T11:00:42Z" finished-at="2019-03-14T11:01:20Z">
          <reporter-output>
          </reporter-output>
        </test-method> <!-- SwipeAction -->
      </class> <!-- Base.SwipeAction -->
      <class name="Base.TapAction">
        <test-method status="PASS" signature="testScrolling()[pri:0, instance:Base.TapAction@2781e022]" name="testScrolling" duration-ms="24943" started-at="2019-03-14T11:01:20Z" finished-at="2019-03-14T11:01:45Z">
          <reporter-output>
          </reporter-output>
        </test-method> <!-- testScrolling -->
      </class> <!-- Base.TapAction -->
    </test> <!-- Default test -->
  </suite> <!-- Default suite -->
</testng-results>
